<?xml version="1.0" encoding="UTF-8"?>
<!-- Generated by org.testng.reporters.JUnitXMLReporter -->
<testsuite hostname="sivaguru" failures="0" tests="5" name="Default test" time="4.947" errors="0" timestamp="8 Aug 2022 05:02:16 GMT">
  <testcase classname="com.org.recipe.controller.RecipeControllerTest" name="testCreateReturn201" time="0.143"/>
  <testcase classname="com.org.recipe.controller.RecipeControllerTest" name="testDeleteReturn200" time="0.015"/>
  <testcase classname="com.org.recipe.controller.RecipeControllerTest" name="testFilter" time="0.03"/>
  <testcase classname="com.org.recipe.controller.RecipeControllerTest" name="testGetallRecipesReturn200" time="0.014"/>
  <testcase classname="com.org.recipe.controller.RecipeControllerTest" name="testUpdateReturn200" time="0.004"/>
</testsuite> <!-- Default test -->
