<?xml version="1.0" encoding="UTF-8"?>
<testng-results total="5" passed="5" failed="0" skipped="0">
  <reporter-output>
  </reporter-output>
  <suite started-at="2022-08-08T05:02:11Z" name="Default suite" finished-at="2022-08-08T05:02:16Z" duration-ms="4947">
    <groups>
    </groups>
    <test started-at="2022-08-08T05:02:11Z" name="Default test" finished-at="2022-08-08T05:02:16Z" duration-ms="4947">
      <class name="com.org.recipe.controller.RecipeControllerTest">
        <test-method is-config="true" signature="springTestContextBeforeTestClass()[pri:0, instance:com.org.recipe.controller.RecipeControllerTest@43c67247]" started-at="2022-08-08T10:32:11Z" name="springTestContextBeforeTestClass" finished-at="2022-08-08T10:32:11Z" duration-ms="13" status="PASS">
          <reporter-output>
          </reporter-output>
        </test-method> <!-- springTestContextBeforeTestClass -->
        <test-method is-config="true" signature="springTestContextPrepareTestInstance()[pri:0, instance:com.org.recipe.controller.RecipeControllerTest@43c67247]" started-at="2022-08-08T10:32:11Z" name="springTestContextPrepareTestInstance" finished-at="2022-08-08T10:32:16Z" depends-on-methods="org.springframework.test.context.testng.AbstractTestNGSpringContextTests.springTestContextBeforeTestClass" duration-ms="4673" status="PASS">
          <reporter-output>
          </reporter-output>
        </test-method> <!-- springTestContextPrepareTestInstance -->
        <test-method is-config="true" signature="setUp()[pri:0, instance:com.org.recipe.controller.RecipeControllerTest@43c67247]" started-at="2022-08-08T10:32:16Z" name="setUp" finished-at="2022-08-08T10:32:16Z" duration-ms="9" status="PASS">
          <reporter-output>
          </reporter-output>
        </test-method> <!-- setUp -->
        <test-method is-config="true" signature="springTestContextBeforeTestMethod(java.lang.reflect.Method)[pri:0, instance:com.org.recipe.controller.RecipeControllerTest@43c67247]" started-at="2022-08-08T10:32:16Z" name="springTestContextBeforeTestMethod" finished-at="2022-08-08T10:32:16Z" duration-ms="3" status="PASS">
          <params>
            <param index="0">
              <value>
                <![CDATA[public void com.org.recipe.controller.RecipeControllerTest.testCreateReturn201() throws com.fasterxml.jackson.core.JsonProcessingException,java.lang.Exception]]>
              </value>
            </param>
          </params>
          <reporter-output>
          </reporter-output>
        </test-method> <!-- springTestContextBeforeTestMethod -->
        <test-method is-config="true" signature="setUp()[pri:0, instance:com.org.recipe.controller.RecipeControllerTest@43c67247]" started-at="2022-08-08T10:32:16Z" name="setUp" finished-at="2022-08-08T10:32:16Z" duration-ms="1" status="PASS">
          <reporter-output>
          </reporter-output>
        </test-method> <!-- setUp -->
        <test-method signature="testCreateReturn201()[pri:0, instance:com.org.recipe.controller.RecipeControllerTest@43c67247]" started-at="2022-08-08T10:32:16Z" name="testCreateReturn201" finished-at="2022-08-08T10:32:16Z" duration-ms="143" status="PASS">
          <reporter-output>
          </reporter-output>
        </test-method> <!-- testCreateReturn201 -->
        <test-method is-config="true" signature="springTestContextAfterTestMethod(java.lang.reflect.Method)[pri:0, instance:com.org.recipe.controller.RecipeControllerTest@43c67247]" started-at="2022-08-08T10:32:16Z" name="springTestContextAfterTestMethod" finished-at="2022-08-08T10:32:16Z" duration-ms="2" status="PASS">
          <params>
            <param index="0">
              <value>
                <![CDATA[public void com.org.recipe.controller.RecipeControllerTest.testCreateReturn201() throws com.fasterxml.jackson.core.JsonProcessingException,java.lang.Exception]]>
              </value>
            </param>
          </params>
          <reporter-output>
          </reporter-output>
        </test-method> <!-- springTestContextAfterTestMethod -->
        <test-method is-config="true" signature="springTestContextBeforeTestMethod(java.lang.reflect.Method)[pri:0, instance:com.org.recipe.controller.RecipeControllerTest@43c67247]" started-at="2022-08-08T10:32:16Z" name="springTestContextBeforeTestMethod" finished-at="2022-08-08T10:32:16Z" duration-ms="2" status="PASS">
          <params>
            <param index="0">
              <value>
                <![CDATA[public void com.org.recipe.controller.RecipeControllerTest.testDeleteReturn200() throws com.fasterxml.jackson.core.JsonProcessingException,java.lang.Exception]]>
              </value>
            </param>
          </params>
          <reporter-output>
          </reporter-output>
        </test-method> <!-- springTestContextBeforeTestMethod -->
        <test-method is-config="true" signature="setUp()[pri:0, instance:com.org.recipe.controller.RecipeControllerTest@43c67247]" started-at="2022-08-08T10:32:16Z" name="setUp" finished-at="2022-08-08T10:32:16Z" duration-ms="3" status="PASS">
          <reporter-output>
          </reporter-output>
        </test-method> <!-- setUp -->
        <test-method signature="testDeleteReturn200()[pri:0, instance:com.org.recipe.controller.RecipeControllerTest@43c67247]" started-at="2022-08-08T10:32:16Z" name="testDeleteReturn200" finished-at="2022-08-08T10:32:16Z" duration-ms="15" status="PASS">
          <reporter-output>
          </reporter-output>
        </test-method> <!-- testDeleteReturn200 -->
        <test-method is-config="true" signature="springTestContextAfterTestMethod(java.lang.reflect.Method)[pri:0, instance:com.org.recipe.controller.RecipeControllerTest@43c67247]" started-at="2022-08-08T10:32:16Z" name="springTestContextAfterTestMethod" finished-at="2022-08-08T10:32:16Z" duration-ms="0" status="PASS">
          <params>
            <param index="0">
              <value>
                <![CDATA[public void com.org.recipe.controller.RecipeControllerTest.testDeleteReturn200() throws com.fasterxml.jackson.core.JsonProcessingException,java.lang.Exception]]>
              </value>
            </param>
          </params>
          <reporter-output>
          </reporter-output>
        </test-method> <!-- springTestContextAfterTestMethod -->
        <test-method is-config="true" signature="springTestContextBeforeTestMethod(java.lang.reflect.Method)[pri:0, instance:com.org.recipe.controller.RecipeControllerTest@43c67247]" started-at="2022-08-08T10:32:16Z" name="springTestContextBeforeTestMethod" finished-at="2022-08-08T10:32:16Z" duration-ms="1" status="PASS">
          <params>
            <param index="0">
              <value>
                <![CDATA[public void com.org.recipe.controller.RecipeControllerTest.testFilter() throws java.lang.Exception]]>
              </value>
            </param>
          </params>
          <reporter-output>
          </reporter-output>
        </test-method> <!-- springTestContextBeforeTestMethod -->
        <test-method is-config="true" signature="setUp()[pri:0, instance:com.org.recipe.controller.RecipeControllerTest@43c67247]" started-at="2022-08-08T10:32:16Z" name="setUp" finished-at="2022-08-08T10:32:16Z" duration-ms="2" status="PASS">
          <reporter-output>
          </reporter-output>
        </test-method> <!-- setUp -->
        <test-method signature="testFilter()[pri:0, instance:com.org.recipe.controller.RecipeControllerTest@43c67247]" started-at="2022-08-08T10:32:16Z" name="testFilter" finished-at="2022-08-08T10:32:16Z" duration-ms="30" status="PASS">
          <reporter-output>
          </reporter-output>
        </test-method> <!-- testFilter -->
        <test-method is-config="true" signature="springTestContextAfterTestMethod(java.lang.reflect.Method)[pri:0, instance:com.org.recipe.controller.RecipeControllerTest@43c67247]" started-at="2022-08-08T10:32:16Z" name="springTestContextAfterTestMethod" finished-at="2022-08-08T10:32:16Z" duration-ms="1" status="PASS">
          <params>
            <param index="0">
              <value>
                <![CDATA[public void com.org.recipe.controller.RecipeControllerTest.testFilter() throws java.lang.Exception]]>
              </value>
            </param>
          </params>
          <reporter-output>
          </reporter-output>
        </test-method> <!-- springTestContextAfterTestMethod -->
        <test-method is-config="true" signature="springTestContextBeforeTestMethod(java.lang.reflect.Method)[pri:0, instance:com.org.recipe.controller.RecipeControllerTest@43c67247]" started-at="2022-08-08T10:32:16Z" name="springTestContextBeforeTestMethod" finished-at="2022-08-08T10:32:16Z" duration-ms="0" status="PASS">
          <params>
            <param index="0">
              <value>
                <![CDATA[public void com.org.recipe.controller.RecipeControllerTest.testGetallRecipesReturn200() throws java.lang.Exception]]>
              </value>
            </param>
          </params>
          <reporter-output>
          </reporter-output>
        </test-method> <!-- springTestContextBeforeTestMethod -->
        <test-method is-config="true" signature="setUp()[pri:0, instance:com.org.recipe.controller.RecipeControllerTest@43c67247]" started-at="2022-08-08T10:32:16Z" name="setUp" finished-at="2022-08-08T10:32:16Z" duration-ms="2" status="PASS">
          <reporter-output>
          </reporter-output>
        </test-method> <!-- setUp -->
        <test-method signature="testGetallRecipesReturn200()[pri:0, instance:com.org.recipe.controller.RecipeControllerTest@43c67247]" started-at="2022-08-08T10:32:16Z" name="testGetallRecipesReturn200" finished-at="2022-08-08T10:32:16Z" duration-ms="14" status="PASS">
          <reporter-output>
          </reporter-output>
        </test-method> <!-- testGetallRecipesReturn200 -->
        <test-method is-config="true" signature="springTestContextAfterTestMethod(java.lang.reflect.Method)[pri:0, instance:com.org.recipe.controller.RecipeControllerTest@43c67247]" started-at="2022-08-08T10:32:16Z" name="springTestContextAfterTestMethod" finished-at="2022-08-08T10:32:16Z" duration-ms="1" status="PASS">
          <params>
            <param index="0">
              <value>
                <![CDATA[public void com.org.recipe.controller.RecipeControllerTest.testGetallRecipesReturn200() throws java.lang.Exception]]>
              </value>
            </param>
          </params>
          <reporter-output>
          </reporter-output>
        </test-method> <!-- springTestContextAfterTestMethod -->
        <test-method is-config="true" signature="setUp()[pri:0, instance:com.org.recipe.controller.RecipeControllerTest@43c67247]" started-at="2022-08-08T10:32:16Z" name="setUp" finished-at="2022-08-08T10:32:16Z" duration-ms="2" status="PASS">
          <reporter-output>
          </reporter-output>
        </test-method> <!-- setUp -->
        <test-method is-config="true" signature="springTestContextBeforeTestMethod(java.lang.reflect.Method)[pri:0, instance:com.org.recipe.controller.RecipeControllerTest@43c67247]" started-at="2022-08-08T10:32:16Z" name="springTestContextBeforeTestMethod" finished-at="2022-08-08T10:32:16Z" duration-ms="0" status="PASS">
          <params>
            <param index="0">
              <value>
                <![CDATA[public void com.org.recipe.controller.RecipeControllerTest.testUpdateReturn200() throws com.fasterxml.jackson.core.JsonProcessingException,java.lang.Exception]]>
              </value>
            </param>
          </params>
          <reporter-output>
          </reporter-output>
        </test-method> <!-- springTestContextBeforeTestMethod -->
        <test-method signature="testUpdateReturn200()[pri:0, instance:com.org.recipe.controller.RecipeControllerTest@43c67247]" started-at="2022-08-08T10:32:16Z" name="testUpdateReturn200" finished-at="2022-08-08T10:32:16Z" duration-ms="4" status="PASS">
          <reporter-output>
          </reporter-output>
        </test-method> <!-- testUpdateReturn200 -->
        <test-method is-config="true" signature="springTestContextAfterTestMethod(java.lang.reflect.Method)[pri:0, instance:com.org.recipe.controller.RecipeControllerTest@43c67247]" started-at="2022-08-08T10:32:16Z" name="springTestContextAfterTestMethod" finished-at="2022-08-08T10:32:16Z" duration-ms="1" status="PASS">
          <params>
            <param index="0">
              <value>
                <![CDATA[public void com.org.recipe.controller.RecipeControllerTest.testUpdateReturn200() throws com.fasterxml.jackson.core.JsonProcessingException,java.lang.Exception]]>
              </value>
            </param>
          </params>
          <reporter-output>
          </reporter-output>
        </test-method> <!-- springTestContextAfterTestMethod -->
        <test-method is-config="true" signature="springTestContextAfterTestClass()[pri:0, instance:com.org.recipe.controller.RecipeControllerTest@43c67247]" started-at="2022-08-08T10:32:16Z" name="springTestContextAfterTestClass" finished-at="2022-08-08T10:32:16Z" duration-ms="1" status="PASS">
          <reporter-output>
          </reporter-output>
        </test-method> <!-- springTestContextAfterTestClass -->
      </class> <!-- com.org.recipe.controller.RecipeControllerTest -->
    </test> <!-- Default test -->
  </suite> <!-- Default suite -->
</testng-results>
